<?xml version="1.0" encoding="UTF-8"?>
<!-- Generated by org.testng.reporters.JUnitReportReporter -->
<testsuite hostname="mkarthik-W7" name="com.salesforce.TestCases.CreateContactTest" tests="1" failures="0" timestamp="5 Jul 2015 04:30:15 GMT" time="141.808" errors="0">
  <testcase name="createContact" time="141.808" classname="com.salesforce.TestCases.CreateContactTest"/>
</testsuite> <!-- com.salesforce.TestCases.CreateContactTest -->
